logo128m.png
logo128w.png
defaulticon.png
imagetoobig.gif
arrowhead.png
apply.png
revert.png
loadned.png
save.png
undo.png
redo.png
step.png
run.png
express.png
fast.png
until.png
mrun.png
mfast.png
stop.png
inspectas.png
asgraphics.png
asobject.png
asoutput.png
back.png
forward.png
parent.png
redraw.png
fes.png
network.png
vertical.png
horizontal.png
find.png
filter.png
layers.png
config.png
newnet.png
newrun.png
restart.png
finish.png
findobj.png
none_vs.png
chan_vs.png
cogwheel_vs.png
compound_vs.png
placeholder_vs.png
simple_vs.png
message_vs.png
queue_vs.png
container_vs.png
stat_vs.png
outvect_vs.png
canvas_vs.png
figure_vs.png
gate_vs.png
param_vs.png
tree.png
unknown.png
1pixtransp.png
16pixtransp.png
modtype.png
channel.png
props.png
cut.png
copy.png
paste.png
copyptr.png
debugger.png
down_vs.png
node_xs.png
modnames.png
zoomin.png
zoomout.png
info.png
toolbarsep.png
recordeventlog.png
log.png
pkheader.png
