MC id 1 c FifoNet n FifoNet cm 1
MC id 2 c Source pid 1 n gen
GC m 2 g 1 n out o 1
MC id 3 c BitFifo pid 1 n fifo
GC m 3 g 0 n in o 0
GC m 3 g 3 n out o 1
MC id 4 c Sink pid 1 n sink
GC m 4 g 0 n in o 0
CC sm 2 sg 1 dm 3 dg 0
CC sm 3 sg 3 dm 4 dg 0

E # 0 t 0 m 1 msg -1
SB v 1024 rid Fifo1-0-20080509-10:11:09-3332
- Initializing module FifoNet, stage 0
- Initializing module FifoNet.gen, stage 0
BS id 0 tid 0 c cMessage n sendMessageEvent
ES t 0
- Initializing module FifoNet.fifo, stage 0
- Initializing module FifoNet.sink, stage 0
MS id 2 d p=89,100;i=block/source
MS id 3 d p=209,100;i=block/queue;q=queue
MS id 4 d p=329,100;i=block/sink

E # 1 t 0 m 2 ce 0 msg 0
BS id 2 tid 2 c cMessage n job l 100
SH sm 2 sg 1
ES t 0
BS id 0 tid 0 c cMessage n sendMessageEvent pe 1
ES t 0.119999319909

E # 2 t 0 m 3 ce 1 msg 2
- Starting service of job
BS id 1 tid 1 c cMessage n end-service
ES t 0.1

E # 3 t 0.1 m 3 ce 2 msg 1
- Completed service of job
BS id 2 tid 2 c cMessage n job pe 2 l 100
SH sm 3 sg 3
ES t 0.1

E # 4 t 0.1 m 4 ce 3 msg 2
- Received job, queueing time: 0.1sec
DM id 2 pe 4

E # 5 t 0.119999319909 m 2 ce 1 msg 0
BS id 3 tid 3 c cMessage n job l 100
SH sm 2 sg 1
ES t 0.119999319909
BS id 0 tid 0 c cMessage n sendMessageEvent pe 5
ES t 0.224563908712

E # 6 t 0.119999319909 m 3 ce 5 msg 3
- Starting service of job
BS id 1 tid 1 c cMessage n end-service pe 3
ES t 0.219999319909

E # 7 t 0.219999319909 m 3 ce 6 msg 1
- Completed service of job
BS id 3 tid 3 c cMessage n job pe 6 l 100
SH sm 3 sg 3
ES t 0.219999319909

E # 8 t 0.219999319909 m 4 ce 7 msg 3
- Received job, queueing time: 0.1sec
DM id 3 pe 8

E # 9 t 0.224563908712 m 2 ce 5 msg 0
BS id 4 tid 4 c cMessage n job l 100
SH sm 2 sg 1
ES t 0.224563908712
BS id 0 tid 0 c cMessage n sendMessageEvent pe 9
ES t 0.291605493759

E # 10 t 0.224563908712 m 3 ce 9 msg 4
- Starting service of job
BS id 1 tid 1 c cMessage n end-service pe 7
ES t 0.324563908712

E # 11 t 0.291605493759 m 2 ce 9 msg 0
BS id 5 tid 5 c cMessage n job l 100
SH sm 2 sg 1
ES t 0.291605493759
BS id 0 tid 0 c cMessage n sendMessageEvent pe 11
ES t 0.325463088014

E # 12 t 0.291605493759 m 3 ce 11 msg 5

E # 13 t 0.324563908712 m 3 ce 10 msg 1
- Completed service of job
BS id 4 tid 4 c cMessage n job pe 10 l 100
SH sm 3 sg 3
ES t 0.324563908712
- Starting service of job
BS id 1 tid 1 c cMessage n end-service pe 13
ES t 0.424563908712

E # 14 t 0.324563908712 m 4 ce 13 msg 4
- Received job, queueing time: 0.1sec
DM id 4 pe 14

E # 15 t 0.325463088014 m 2 ce 11 msg 0
BS id 6 tid 6 c cMessage n job l 100
SH sm 2 sg 1
ES t 0.325463088014
BS id 0 tid 0 c cMessage n sendMessageEvent pe 15
ES t 0.426709203988

E # 16 t 0.325463088014 m 3 ce 15 msg 6

E # 17 t 0.424563908712 m 3 ce 13 msg 1
- Completed service of job
BS id 5 tid 5 c cMessage n job pe 12 l 100
SH sm 3 sg 3
ES t 0.424563908712
- Starting service of job
BS id 1 tid 1 c cMessage n end-service pe 17
ES t 0.524563908712

E # 18 t 0.424563908712 m 4 ce 17 msg 5
- Received job, queueing time: 0.132958414953sec
DM id 5 pe 18

E # 19 t 0.426709203988 m 2 ce 15 msg 0
BS id 7 tid 7 c cMessage n job l 100
SH sm 2 sg 1
ES t 0.426709203988
BS id 0 tid 0 c cMessage n sendMessageEvent pe 19
ES t 0.457352116314

E # 20 t 0.426709203988 m 3 ce 19 msg 7

E # 21 t 0.457352116314 m 2 ce 19 msg 0
BS id 8 tid 8 c cMessage n job l 100
SH sm 2 sg 1
ES t 0.457352116314
BS id 0 tid 0 c cMessage n sendMessageEvent pe 21
ES t 0.578788888458

E # 22 t 0.457352116314 m 3 ce 21 msg 8

E # 23 t 0.524563908712 m 3 ce 17 msg 1
- Completed service of job
BS id 6 tid 6 c cMessage n job pe 16 l 100
SH sm 3 sg 3
ES t 0.524563908712
- Starting service of job
BS id 1 tid 1 c cMessage n end-service pe 23
ES t 0.624563908712

E # 24 t 0.524563908712 m 4 ce 23 msg 6
- Received job, queueing time: 0.199100820698sec
DM id 6 pe 24

E # 25 t 0.578788888458 m 2 ce 21 msg 0
BS id 9 tid 9 c cMessage n job l 100
SH sm 2 sg 1
ES t 0.578788888458
BS id 0 tid 0 c cMessage n sendMessageEvent pe 25
ES t 0.611940372064

E # 26 t 0.578788888458 m 3 ce 25 msg 9

E # 27 t 0.611940372064 m 2 ce 25 msg 0
BS id 10 tid 10 c cMessage n job l 100
SH sm 2 sg 1
ES t 0.611940372064
BS id 0 tid 0 c cMessage n sendMessageEvent pe 27
ES t 0.783707634838

E # 28 t 0.611940372064 m 3 ce 27 msg 10

E # 29 t 0.624563908712 m 3 ce 23 msg 1
- Completed service of job
BS id 7 tid 7 c cMessage n job pe 20 l 100
SH sm 3 sg 3
ES t 0.624563908712
- Starting service of job
BS id 1 tid 1 c cMessage n end-service pe 29
ES t 0.724563908712

E # 30 t 0.624563908712 m 4 ce 29 msg 7
- Received job, queueing time: 0.197854704724sec
DM id 7 pe 30

E # 31 t 0.724563908712 m 3 ce 29 msg 1
- Completed service of job
BS id 8 tid 8 c cMessage n job pe 22 l 100
SH sm 3 sg 3
ES t 0.724563908712
- Starting service of job
BS id 1 tid 1 c cMessage n end-service pe 31
ES t 0.824563908712

E # 32 t 0.724563908712 m 4 ce 31 msg 8
- Received job, queueing time: 0.267211792398sec
DM id 8 pe 32

E # 33 t 0.783707634838 m 2 ce 27 msg 0
BS id 11 tid 11 c cMessage n job l 100
SH sm 2 sg 1
ES t 0.783707634838
BS id 0 tid 0 c cMessage n sendMessageEvent pe 33
ES t 0.87816850677

E # 34 t 0.783707634838 m 3 ce 33 msg 11

E # 35 t 0.824563908712 m 3 ce 31 msg 1
- Completed service of job
BS id 9 tid 9 c cMessage n job pe 26 l 100
SH sm 3 sg 3
ES t 0.824563908712
- Starting service of job
BS id 1 tid 1 c cMessage n end-service pe 35
ES t 0.924563908712

E # 36 t 0.824563908712 m 4 ce 35 msg 9
- Received job, queueing time: 0.245775020254sec
DM id 9 pe 36

E # 37 t 0.87816850677 m 2 ce 33 msg 0
BS id 12 tid 12 c cMessage n job l 100
SH sm 2 sg 1
ES t 0.87816850677
BS id 0 tid 0 c cMessage n sendMessageEvent pe 37
ES t 0.965592446201

E # 38 t 0.87816850677 m 3 ce 37 msg 12

E # 39 t 0.924563908712 m 3 ce 35 msg 1
- Completed service of job
BS id 10 tid 10 c cMessage n job pe 28 l 100
SH sm 3 sg 3
ES t 0.924563908712
- Starting service of job
BS id 1 tid 1 c cMessage n end-service pe 39
ES t 1.024563908712

E # 40 t 0.924563908712 m 4 ce 39 msg 10
- Received job, queueing time: 0.312623536648sec
DM id 10 pe 40

E # 41 t 0.965592446201 m 2 ce 37 msg 0
BS id 13 tid 13 c cMessage n job l 100
SH sm 2 sg 1
ES t 0.965592446201
BS id 0 tid 0 c cMessage n sendMessageEvent pe 41
ES t 1.156816283858

E # 42 t 0.965592446201 m 3 ce 41 msg 13

E # 43 t 1.024563908712 m 3 ce 39 msg 1
- Completed service of job
BS id 11 tid 11 c cMessage n job pe 34 l 100
SH sm 3 sg 3
ES t 1.024563908712
- Starting service of job
BS id 1 tid 1 c cMessage n end-service pe 43
ES t 1.124563908712

E # 44 t 1.024563908712 m 4 ce 43 msg 11
- Received job, queueing time: 0.240856273874sec
DM id 11 pe 44

E # 45 t 1.124563908712 m 3 ce 43 msg 1
- Completed service of job
BS id 12 tid 12 c cMessage n job pe 38 l 100
SH sm 3 sg 3
ES t 1.124563908712
- Starting service of job
BS id 1 tid 1 c cMessage n end-service pe 45
ES t 1.224563908712

E # 46 t 1.124563908712 m 4 ce 45 msg 12
- Received job, queueing time: 0.246395401942sec
DM id 12 pe 46

E # 47 t 1.156816283858 m 2 ce 41 msg 0
BS id 14 tid 14 c cMessage n job l 100
SH sm 2 sg 1
ES t 1.156816283858
BS id 0 tid 0 c cMessage n sendMessageEvent pe 47
ES t 1.322112135049

E # 48 t 1.156816283858 m 3 ce 47 msg 14

E # 49 t 1.224563908712 m 3 ce 45 msg 1
- Completed service of job
BS id 13 tid 13 c cMessage n job pe 42 l 100
SH sm 3 sg 3
ES t 1.224563908712
- Starting service of job
BS id 1 tid 1 c cMessage n end-service pe 49
ES t 1.324563908712

E # 50 t 1.224563908712 m 4 ce 49 msg 13
- Received job, queueing time: 0.258971462511sec
DM id 13 pe 50

E # 51 t 1.322112135049 m 2 ce 47 msg 0
BS id 15 tid 15 c cMessage n job l 100
SH sm 2 sg 1
ES t 1.322112135049
BS id 0 tid 0 c cMessage n sendMessageEvent pe 51
ES t 1.564557083164

E # 52 t 1.322112135049 m 3 ce 51 msg 15

E # 53 t 1.324563908712 m 3 ce 49 msg 1
- Completed service of job
BS id 14 tid 14 c cMessage n job pe 48 l 100
SH sm 3 sg 3
ES t 1.324563908712
- Starting service of job
BS id 1 tid 1 c cMessage n end-service pe 53
ES t 1.424563908712

E # 54 t 1.324563908712 m 4 ce 53 msg 14
- Received job, queueing time: 0.167747624854sec
DM id 14 pe 54

E # 55 t 1.424563908712 m 3 ce 53 msg 1
- Completed service of job
BS id 15 tid 15 c cMessage n job pe 52 l 100
SH sm 3 sg 3
ES t 1.424563908712

E # 56 t 1.424563908712 m 4 ce 55 msg 15
- Received job, queueing time: 0.102451773663sec
DM id 15 pe 56

E # 57 t 1.564557083164 m 2 ce 51 msg 0
BS id 16 tid 16 c cMessage n job l 100
SH sm 2 sg 1
ES t 1.564557083164
BS id 0 tid 0 c cMessage n sendMessageEvent pe 57
ES t 1.587465815388

E # 58 t 1.564557083164 m 3 ce 57 msg 16
- Starting service of job
BS id 1 tid 1 c cMessage n end-service pe 55
ES t 1.664557083164

E # 59 t 1.587465815388 m 2 ce 57 msg 0
BS id 17 tid 17 c cMessage n job l 100
SH sm 2 sg 1
ES t 1.587465815388
BS id 0 tid 0 c cMessage n sendMessageEvent pe 59
ES t 2.161416264519

E # 60 t 1.587465815388 m 3 ce 59 msg 17

E # 61 t 1.664557083164 m 3 ce 58 msg 1
- Completed service of job
BS id 16 tid 16 c cMessage n job pe 58 l 100
SH sm 3 sg 3
ES t 1.664557083164
- Starting service of job
BS id 1 tid 1 c cMessage n end-service pe 61
ES t 1.764557083164

E # 62 t 1.664557083164 m 4 ce 61 msg 16
- Received job, queueing time: 0.1sec
DM id 16 pe 62

E # 63 t 1.764557083164 m 3 ce 61 msg 1
- Completed service of job
BS id 17 tid 17 c cMessage n job pe 60 l 100
SH sm 3 sg 3
ES t 1.764557083164

E # 64 t 1.764557083164 m 4 ce 63 msg 17
- Received job, queueing time: 0.177091267776sec
DM id 17 pe 64

E # 65 t 2.161416264519 m 2 ce 59 msg 0
BS id 18 tid 18 c cMessage n job l 100
SH sm 2 sg 1
ES t 2.161416264519
BS id 0 tid 0 c cMessage n sendMessageEvent pe 65
ES t 2.168819039597

E # 66 t 2.161416264519 m 3 ce 65 msg 18
- Starting service of job
BS id 1 tid 1 c cMessage n end-service pe 63
ES t 2.261416264519

E # 67 t 2.168819039597 m 2 ce 65 msg 0
BS id 19 tid 19 c cMessage n job l 100
SH sm 2 sg 1
ES t 2.168819039597
BS id 0 tid 0 c cMessage n sendMessageEvent pe 67
ES t 2.428727693884

E # 68 t 2.168819039597 m 3 ce 67 msg 19

E # 69 t 2.261416264519 m 3 ce 66 msg 1
- Completed service of job
BS id 18 tid 18 c cMessage n job pe 66 l 100
SH sm 3 sg 3
ES t 2.261416264519
- Starting service of job
BS id 1 tid 1 c cMessage n end-service pe 69
ES t 2.361416264519

E # 70 t 2.261416264519 m 4 ce 69 msg 18
- Received job, queueing time: 0.1sec
DM id 18 pe 70

E # 71 t 2.361416264519 m 3 ce 69 msg 1
- Completed service of job
BS id 19 tid 19 c cMessage n job pe 68 l 100
SH sm 3 sg 3
ES t 2.361416264519

E # 72 t 2.361416264519 m 4 ce 71 msg 19
- Received job, queueing time: 0.192597224922sec
DM id 19 pe 72

E # 73 t 2.428727693884 m 2 ce 67 msg 0
BS id 20 tid 20 c cMessage n job l 100
SH sm 2 sg 1
ES t 2.428727693884
BS id 0 tid 0 c cMessage n sendMessageEvent pe 73
ES t 2.6204413252

E # 74 t 2.428727693884 m 3 ce 73 msg 20
- Starting service of job
BS id 1 tid 1 c cMessage n end-service pe 71
ES t 2.528727693884

E # 75 t 2.528727693884 m 3 ce 74 msg 1
- Completed service of job
BS id 20 tid 20 c cMessage n job pe 74 l 100
SH sm 3 sg 3
ES t 2.528727693884

E # 76 t 2.528727693884 m 4 ce 75 msg 20
- Received job, queueing time: 0.1sec
DM id 20 pe 76

E # 77 t 2.6204413252 m 2 ce 73 msg 0
BS id 21 tid 21 c cMessage n job l 100
SH sm 2 sg 1
ES t 2.6204413252
BS id 0 tid 0 c cMessage n sendMessageEvent pe 77
ES t 2.768210404251

E # 78 t 2.6204413252 m 3 ce 77 msg 21
- Starting service of job
BS id 1 tid 1 c cMessage n end-service pe 75
ES t 2.7204413252

E # 79 t 2.7204413252 m 3 ce 78 msg 1
- Completed service of job
BS id 21 tid 21 c cMessage n job pe 78 l 100
SH sm 3 sg 3
ES t 2.7204413252

E # 80 t 2.7204413252 m 4 ce 79 msg 21
- Received job, queueing time: 0.1sec
DM id 21 pe 80

E # 81 t 2.768210404251 m 2 ce 77 msg 0
BS id 22 tid 22 c cMessage n job l 100
SH sm 2 sg 1
ES t 2.768210404251
BS id 0 tid 0 c cMessage n sendMessageEvent pe 81
ES t 2.814918629743

E # 82 t 2.768210404251 m 3 ce 81 msg 22
- Starting service of job
BS id 1 tid 1 c cMessage n end-service pe 79
ES t 2.868210404251

E # 83 t 2.814918629743 m 2 ce 81 msg 0
BS id 23 tid 23 c cMessage n job l 100
SH sm 2 sg 1
ES t 2.814918629743
BS id 0 tid 0 c cMessage n sendMessageEvent pe 83
ES t 2.856528063581

E # 84 t 2.814918629743 m 3 ce 83 msg 23

E # 85 t 2.856528063581 m 2 ce 83 msg 0
BS id 24 tid 24 c cMessage n job l 100
SH sm 2 sg 1
ES t 2.856528063581
BS id 0 tid 0 c cMessage n sendMessageEvent pe 85
ES t 2.983921164161

E # 86 t 2.856528063581 m 3 ce 85 msg 24

E # 87 t 2.868210404251 m 3 ce 82 msg 1
- Completed service of job
BS id 22 tid 22 c cMessage n job pe 82 l 100
SH sm 3 sg 3
ES t 2.868210404251
- Starting service of job
BS id 1 tid 1 c cMessage n end-service pe 87
ES t 2.968210404251

E # 88 t 2.868210404251 m 4 ce 87 msg 22
- Received job, queueing time: 0.1sec
DM id 22 pe 88

E # 89 t 2.968210404251 m 3 ce 87 msg 1
- Completed service of job
BS id 23 tid 23 c cMessage n job pe 84 l 100
SH sm 3 sg 3
ES t 2.968210404251
- Starting service of job
BS id 1 tid 1 c cMessage n end-service pe 89
ES t 3.068210404251

E # 90 t 2.968210404251 m 4 ce 89 msg 23
- Received job, queueing time: 0.153291774508sec
DM id 23 pe 90

E # 91 t 2.983921164161 m 2 ce 85 msg 0
BS id 25 tid 25 c cMessage n job l 100
SH sm 2 sg 1
ES t 2.983921164161
BS id 0 tid 0 c cMessage n sendMessageEvent pe 91
ES t 3.130724511318

E # 92 t 2.983921164161 m 3 ce 91 msg 25

E # 93 t 3.068210404251 m 3 ce 89 msg 1
- Completed service of job
BS id 24 tid 24 c cMessage n job pe 86 l 100
SH sm 3 sg 3
ES t 3.068210404251
- Starting service of job
BS id 1 tid 1 c cMessage n end-service pe 93
ES t 3.168210404251

E # 94 t 3.068210404251 m 4 ce 93 msg 24
- Received job, queueing time: 0.21168234067sec
DM id 24 pe 94

E # 95 t 3.130724511318 m 2 ce 91 msg 0
BS id 26 tid 26 c cMessage n job l 100
SH sm 2 sg 1
ES t 3.130724511318
BS id 0 tid 0 c cMessage n sendMessageEvent pe 95
ES t 3.243835592522

E # 96 t 3.130724511318 m 3 ce 95 msg 26

E # 97 t 3.168210404251 m 3 ce 93 msg 1
- Completed service of job
BS id 25 tid 25 c cMessage n job pe 92 l 100
SH sm 3 sg 3
ES t 3.168210404251
- Starting service of job
BS id 1 tid 1 c cMessage n end-service pe 97
ES t 3.268210404251

E # 98 t 3.168210404251 m 4 ce 97 msg 25
- Received job, queueing time: 0.18428924009sec
DM id 25 pe 98

E # 99 t 3.243835592522 m 2 ce 95 msg 0
BS id 27 tid 27 c cMessage n job l 100
SH sm 2 sg 1
ES t 3.243835592522
BS id 0 tid 0 c cMessage n sendMessageEvent pe 99
ES t 3.430734275961

E # 100 t 3.243835592522 m 3 ce 99 msg 27

E # 101 t 3.268210404251 m 3 ce 97 msg 1
- Completed service of job
BS id 26 tid 26 c cMessage n job pe 96 l 100
SH sm 3 sg 3
ES t 3.268210404251
- Starting service of job
BS id 1 tid 1 c cMessage n end-service pe 101
ES t 3.368210404251

E # 102 t 3.268210404251 m 4 ce 101 msg 26
- Received job, queueing time: 0.137485892933sec
DM id 26 pe 102

E # 103 t 3.368210404251 m 3 ce 101 msg 1
- Completed service of job
BS id 27 tid 27 c cMessage n job pe 100 l 100
SH sm 3 sg 3
ES t 3.368210404251

E # 104 t 3.368210404251 m 4 ce 103 msg 27
- Received job, queueing time: 0.124374811729sec
DM id 27 pe 104

E # 105 t 3.430734275961 m 2 ce 99 msg 0
BS id 28 tid 28 c cMessage n job l 100
SH sm 2 sg 1
ES t 3.430734275961
BS id 0 tid 0 c cMessage n sendMessageEvent pe 105
ES t 3.446197624061

E # 106 t 3.430734275961 m 3 ce 105 msg 28
- Starting service of job
BS id 1 tid 1 c cMessage n end-service pe 103
ES t 3.530734275961

E # 107 t 3.446197624061 m 2 ce 105 msg 0
BS id 29 tid 29 c cMessage n job l 100
SH sm 2 sg 1
ES t 3.446197624061
BS id 0 tid 0 c cMessage n sendMessageEvent pe 107
ES t 3.48200411391

E # 108 t 3.446197624061 m 3 ce 107 msg 29

E # 109 t 3.48200411391 m 2 ce 107 msg 0
BS id 30 tid 30 c cMessage n job l 100
SH sm 2 sg 1
ES t 3.48200411391
BS id 0 tid 0 c cMessage n sendMessageEvent pe 109
ES t 4.010917646249

E # 110 t 3.48200411391 m 3 ce 109 msg 30

E # 111 t 3.530734275961 m 3 ce 106 msg 1
- Completed service of job
BS id 28 tid 28 c cMessage n job pe 106 l 100
SH sm 3 sg 3
ES t 3.530734275961
- Starting service of job
BS id 1 tid 1 c cMessage n end-service pe 111
ES t 3.630734275961

E # 112 t 3.530734275961 m 4 ce 111 msg 28
- Received job, queueing time: 0.1sec
DM id 28 pe 112

E # 113 t 3.630734275961 m 3 ce 111 msg 1
- Completed service of job
BS id 29 tid 29 c cMessage n job pe 108 l 100
SH sm 3 sg 3
ES t 3.630734275961
- Starting service of job
BS id 1 tid 1 c cMessage n end-service pe 113
ES t 3.730734275961

E # 114 t 3.630734275961 m 4 ce 113 msg 29
- Received job, queueing time: 0.1845366519sec
DM id 29 pe 114

E # 115 t 3.730734275961 m 3 ce 113 msg 1
- Completed service of job
BS id 30 tid 30 c cMessage n job pe 110 l 100
SH sm 3 sg 3
ES t 3.730734275961

E # 116 t 3.730734275961 m 4 ce 115 msg 30
- Received job, queueing time: 0.248730162051sec
DM id 30 pe 116

E # 117 t 4.010917646249 m 2 ce 109 msg 0
BS id 31 tid 31 c cMessage n job l 100
SH sm 2 sg 1
ES t 4.010917646249
BS id 0 tid 0 c cMessage n sendMessageEvent pe 117
ES t 4.228217143299

E # 118 t 4.010917646249 m 3 ce 117 msg 31
- Starting service of job
BS id 1 tid 1 c cMessage n end-service pe 115
ES t 4.110917646249

E # 119 t 4.110917646249 m 3 ce 118 msg 1
- Completed service of job
BS id 31 tid 31 c cMessage n job pe 118 l 100
SH sm 3 sg 3
ES t 4.110917646249

E # 120 t 4.110917646249 m 4 ce 119 msg 31
- Received job, queueing time: 0.1sec
DM id 31 pe 120

E # 121 t 4.228217143299 m 2 ce 117 msg 0
BS id 32 tid 32 c cMessage n job l 100
SH sm 2 sg 1
ES t 4.228217143299
BS id 0 tid 0 c cMessage n sendMessageEvent pe 121
ES t 4.716289561608

E # 122 t 4.228217143299 m 3 ce 121 msg 32
- Starting service of job
BS id 1 tid 1 c cMessage n end-service pe 119
ES t 4.328217143299

E # 123 t 4.328217143299 m 3 ce 122 msg 1
- Completed service of job
BS id 32 tid 32 c cMessage n job pe 122 l 100
SH sm 3 sg 3
ES t 4.328217143299

E # 124 t 4.328217143299 m 4 ce 123 msg 32
- Received job, queueing time: 0.1sec
DM id 32 pe 124

E # 125 t 4.716289561608 m 2 ce 121 msg 0
BS id 33 tid 33 c cMessage n job l 100
SH sm 2 sg 1
ES t 4.716289561608
BS id 0 tid 0 c cMessage n sendMessageEvent pe 125
ES t 4.803009436847

E # 126 t 4.716289561608 m 3 ce 125 msg 33
- Starting service of job
BS id 1 tid 1 c cMessage n end-service pe 123
ES t 4.816289561608

E # 127 t 4.803009436847 m 2 ce 125 msg 0
BS id 34 tid 34 c cMessage n job l 100
SH sm 2 sg 1
ES t 4.803009436847
BS id 0 tid 0 c cMessage n sendMessageEvent pe 127
ES t 5.583241885166

E # 128 t 4.803009436847 m 3 ce 127 msg 34

E # 129 t 4.816289561608 m 3 ce 126 msg 1
- Completed service of job
BS id 33 tid 33 c cMessage n job pe 126 l 100
SH sm 3 sg 3
ES t 4.816289561608
- Starting service of job
BS id 1 tid 1 c cMessage n end-service pe 129
ES t 4.916289561608

E # 130 t 4.816289561608 m 4 ce 129 msg 33
- Received job, queueing time: 0.1sec
DM id 33 pe 130

E # 131 t 4.916289561608 m 3 ce 129 msg 1
- Completed service of job
BS id 34 tid 34 c cMessage n job pe 128 l 100
SH sm 3 sg 3
ES t 4.916289561608

E # 132 t 4.916289561608 m 4 ce 131 msg 34
- Received job, queueing time: 0.113280124761sec
DM id 34 pe 132

E # 133 t 5.583241885166 m 2 ce 127 msg 0
BS id 35 tid 35 c cMessage n job l 100
SH sm 2 sg 1
ES t 5.583241885166
BS id 0 tid 0 c cMessage n sendMessageEvent pe 133
ES t 5.783045126083

E # 134 t 5.583241885166 m 3 ce 133 msg 35
- Starting service of job
BS id 1 tid 1 c cMessage n end-service pe 131
ES t 5.683241885166

E # 135 t 5.683241885166 m 3 ce 134 msg 1
- Completed service of job
BS id 35 tid 35 c cMessage n job pe 134 l 100
SH sm 3 sg 3
ES t 5.683241885166

E # 136 t 5.683241885166 m 4 ce 135 msg 35
- Received job, queueing time: 0.1sec
DM id 35 pe 136

E # 137 t 5.783045126083 m 2 ce 133 msg 0
BS id 36 tid 36 c cMessage n job l 100
SH sm 2 sg 1
ES t 5.783045126083
BS id 0 tid 0 c cMessage n sendMessageEvent pe 137
ES t 5.819680748507

E # 138 t 5.783045126083 m 3 ce 137 msg 36
- Starting service of job
BS id 1 tid 1 c cMessage n end-service pe 135
ES t 5.883045126083

E # 139 t 5.819680748507 m 2 ce 137 msg 0
BS id 37 tid 37 c cMessage n job l 100
SH sm 2 sg 1
ES t 5.819680748507
BS id 0 tid 0 c cMessage n sendMessageEvent pe 139
ES t 5.828438703495

E # 140 t 5.819680748507 m 3 ce 139 msg 37

E # 141 t 5.828438703495 m 2 ce 139 msg 0
BS id 38 tid 38 c cMessage n job l 100
SH sm 2 sg 1
ES t 5.828438703495
BS id 0 tid 0 c cMessage n sendMessageEvent pe 141
ES t 5.878604161114

E # 142 t 5.828438703495 m 3 ce 141 msg 38

E # 143 t 5.878604161114 m 2 ce 141 msg 0
BS id 39 tid 39 c cMessage n job l 100
SH sm 2 sg 1
ES t 5.878604161114
BS id 0 tid 0 c cMessage n sendMessageEvent pe 143
ES t 6.271326248517

E # 144 t 5.878604161114 m 3 ce 143 msg 39

E # 145 t 5.883045126083 m 3 ce 138 msg 1
- Completed service of job
BS id 36 tid 36 c cMessage n job pe 138 l 100
SH sm 3 sg 3
ES t 5.883045126083
- Starting service of job
BS id 1 tid 1 c cMessage n end-service pe 145
ES t 5.983045126083

E # 146 t 5.883045126083 m 4 ce 145 msg 36
- Received job, queueing time: 0.1sec
DM id 36 pe 146

E # 147 t 5.983045126083 m 3 ce 145 msg 1
- Completed service of job
BS id 37 tid 37 c cMessage n job pe 140 l 100
SH sm 3 sg 3
ES t 5.983045126083
- Starting service of job
BS id 1 tid 1 c cMessage n end-service pe 147
ES t 6.083045126083

E # 148 t 5.983045126083 m 4 ce 147 msg 37
- Received job, queueing time: 0.163364377576sec
DM id 37 pe 148

E # 149 t 6.083045126083 m 3 ce 147 msg 1
- Completed service of job
BS id 38 tid 38 c cMessage n job pe 142 l 100
SH sm 3 sg 3
ES t 6.083045126083
- Starting service of job
BS id 1 tid 1 c cMessage n end-service pe 149
ES t 6.183045126083

E # 150 t 6.083045126083 m 4 ce 149 msg 38
- Received job, queueing time: 0.254606422588sec
DM id 38 pe 150

E # 151 t 6.183045126083 m 3 ce 149 msg 1
- Completed service of job
BS id 39 tid 39 c cMessage n job pe 144 l 100
SH sm 3 sg 3
ES t 6.183045126083

E # 152 t 6.183045126083 m 4 ce 151 msg 39
- Received job, queueing time: 0.304440964969sec
DM id 39 pe 152

E # 153 t 6.271326248517 m 2 ce 143 msg 0
BS id 40 tid 40 c cMessage n job l 100
SH sm 2 sg 1
ES t 6.271326248517
BS id 0 tid 0 c cMessage n sendMessageEvent pe 153
ES t 6.29917586999

E # 154 t 6.271326248517 m 3 ce 153 msg 40
- Starting service of job
BS id 1 tid 1 c cMessage n end-service pe 151
ES t 6.371326248517

E # 155 t 6.29917586999 m 2 ce 153 msg 0
BS id 41 tid 41 c cMessage n job l 100
SH sm 2 sg 1
ES t 6.29917586999
BS id 0 tid 0 c cMessage n sendMessageEvent pe 155
ES t 6.327008226745

E # 156 t 6.29917586999 m 3 ce 155 msg 41

E # 157 t 6.327008226745 m 2 ce 155 msg 0
BS id 42 tid 42 c cMessage n job l 100
SH sm 2 sg 1
ES t 6.327008226745
BS id 0 tid 0 c cMessage n sendMessageEvent pe 157
ES t 6.331330938002

E # 158 t 6.327008226745 m 3 ce 157 msg 42

E # 159 t 6.331330938002 m 2 ce 157 msg 0
BS id 43 tid 43 c cMessage n job l 100
SH sm 2 sg 1
ES t 6.331330938002
BS id 0 tid 0 c cMessage n sendMessageEvent pe 159
ES t 6.480805981835

E # 160 t 6.331330938002 m 3 ce 159 msg 43

E # 161 t 6.371326248517 m 3 ce 154 msg 1
- Completed service of job
BS id 40 tid 40 c cMessage n job pe 154 l 100
SH sm 3 sg 3
ES t 6.371326248517
- Starting service of job
BS id 1 tid 1 c cMessage n end-service pe 161
ES t 6.471326248517

E # 162 t 6.371326248517 m 4 ce 161 msg 40
- Received job, queueing time: 0.1sec
DM id 40 pe 162

E # 163 t 6.471326248517 m 3 ce 161 msg 1
- Completed service of job
BS id 41 tid 41 c cMessage n job pe 156 l 100
SH sm 3 sg 3
ES t 6.471326248517
- Starting service of job
BS id 1 tid 1 c cMessage n end-service pe 163
ES t 6.571326248517

E # 164 t 6.471326248517 m 4 ce 163 msg 41
- Received job, queueing time: 0.172150378527sec
DM id 41 pe 164

E # 165 t 6.480805981835 m 2 ce 159 msg 0
BS id 44 tid 44 c cMessage n job l 100
SH sm 2 sg 1
ES t 6.480805981835
BS id 0 tid 0 c cMessage n sendMessageEvent pe 165
ES t 6.525645161843

E # 166 t 6.480805981835 m 3 ce 165 msg 44

E # 167 t 6.525645161843 m 2 ce 165 msg 0
BS id 45 tid 45 c cMessage n job l 100
SH sm 2 sg 1
ES t 6.525645161843
BS id 0 tid 0 c cMessage n sendMessageEvent pe 167
ES t 6.570046313487

E # 168 t 6.525645161843 m 3 ce 167 msg 45

E # 169 t 6.570046313487 m 2 ce 167 msg 0
BS id 46 tid 46 c cMessage n job l 100
SH sm 2 sg 1
ES t 6.570046313487
BS id 0 tid 0 c cMessage n sendMessageEvent pe 169
ES t 6.724709902227

E # 170 t 6.570046313487 m 3 ce 169 msg 46

E # 171 t 6.571326248517 m 3 ce 163 msg 1
- Completed service of job
BS id 42 tid 42 c cMessage n job pe 158 l 100
SH sm 3 sg 3
ES t 6.571326248517
- Starting service of job
BS id 1 tid 1 c cMessage n end-service pe 171
ES t 6.671326248517

E # 172 t 6.571326248517 m 4 ce 171 msg 42
- Received job, queueing time: 0.244318021772sec
DM id 42 pe 172

E # 173 t 6.671326248517 m 3 ce 171 msg 1
- Completed service of job
BS id 43 tid 43 c cMessage n job pe 160 l 100
SH sm 3 sg 3
ES t 6.671326248517
- Starting service of job
BS id 1 tid 1 c cMessage n end-service pe 173
ES t 6.771326248517

E # 174 t 6.671326248517 m 4 ce 173 msg 43
- Received job, queueing time: 0.339995310515sec
DM id 43 pe 174

E # 175 t 6.724709902227 m 2 ce 169 msg 0
BS id 47 tid 47 c cMessage n job l 100
SH sm 2 sg 1
ES t 6.724709902227
BS id 0 tid 0 c cMessage n sendMessageEvent pe 175
ES t 6.85531163363

E # 176 t 6.724709902227 m 3 ce 175 msg 47

E # 177 t 6.771326248517 m 3 ce 173 msg 1
- Completed service of job
BS id 44 tid 44 c cMessage n job pe 166 l 100
SH sm 3 sg 3
ES t 6.771326248517
- Starting service of job
BS id 1 tid 1 c cMessage n end-service pe 177
ES t 6.871326248517

E # 178 t 6.771326248517 m 4 ce 177 msg 44
- Received job, queueing time: 0.290520266682sec
DM id 44 pe 178

E # 179 t 6.85531163363 m 2 ce 175 msg 0
BS id 48 tid 48 c cMessage n job l 100
SH sm 2 sg 1
ES t 6.85531163363
BS id 0 tid 0 c cMessage n sendMessageEvent pe 179
ES t 6.90486826543

E # 180 t 6.85531163363 m 3 ce 179 msg 48

E # 181 t 6.871326248517 m 3 ce 177 msg 1
- Completed service of job
BS id 45 tid 45 c cMessage n job pe 168 l 100
SH sm 3 sg 3
ES t 6.871326248517
- Starting service of job
BS id 1 tid 1 c cMessage n end-service pe 181
ES t 6.971326248517

E # 182 t 6.871326248517 m 4 ce 181 msg 45
- Received job, queueing time: 0.345681086674sec
DM id 45 pe 182

E # 183 t 6.90486826543 m 2 ce 179 msg 0
BS id 49 tid 49 c cMessage n job l 100
SH sm 2 sg 1
ES t 6.90486826543
BS id 0 tid 0 c cMessage n sendMessageEvent pe 183
ES t 6.98233058232

E # 184 t 6.90486826543 m 3 ce 183 msg 49

E # 185 t 6.971326248517 m 3 ce 181 msg 1
- Completed service of job
BS id 46 tid 46 c cMessage n job pe 170 l 100
SH sm 3 sg 3
ES t 6.971326248517
- Starting service of job
BS id 1 tid 1 c cMessage n end-service pe 185
ES t 7.071326248517

E # 186 t 6.971326248517 m 4 ce 185 msg 46
- Received job, queueing time: 0.40127993503sec
DM id 46 pe 186

E # 187 t 6.98233058232 m 2 ce 183 msg 0
BS id 50 tid 50 c cMessage n job l 100
SH sm 2 sg 1
ES t 6.98233058232
BS id 0 tid 0 c cMessage n sendMessageEvent pe 187
ES t 7.409280128223

E # 188 t 6.98233058232 m 3 ce 187 msg 50

E # 189 t 7.071326248517 m 3 ce 185 msg 1
- Completed service of job
BS id 47 tid 47 c cMessage n job pe 176 l 100
SH sm 3 sg 3
ES t 7.071326248517
- Starting service of job
BS id 1 tid 1 c cMessage n end-service pe 189
ES t 7.171326248517

E # 190 t 7.071326248517 m 4 ce 189 msg 47
- Received job, queueing time: 0.34661634629sec
DM id 47 pe 190

E # 191 t 7.171326248517 m 3 ce 189 msg 1
- Completed service of job
BS id 48 tid 48 c cMessage n job pe 180 l 100
SH sm 3 sg 3
ES t 7.171326248517
- Starting service of job
BS id 1 tid 1 c cMessage n end-service pe 191
ES t 7.271326248517

E # 192 t 7.171326248517 m 4 ce 191 msg 48
- Received job, queueing time: 0.316014614887sec
DM id 48 pe 192

E # 193 t 7.271326248517 m 3 ce 191 msg 1
- Completed service of job
BS id 49 tid 49 c cMessage n job pe 184 l 100
SH sm 3 sg 3
ES t 7.271326248517
- Starting service of job
BS id 1 tid 1 c cMessage n end-service pe 193
ES t 7.371326248517

E # 194 t 7.271326248517 m 4 ce 193 msg 49
- Received job, queueing time: 0.366457983087sec
DM id 49 pe 194

E # 195 t 7.371326248517 m 3 ce 193 msg 1
- Completed service of job
BS id 50 tid 50 c cMessage n job pe 188 l 100
SH sm 3 sg 3
ES t 7.371326248517

E # 196 t 7.371326248517 m 4 ce 195 msg 50
- Received job, queueing time: 0.388995666197sec
DM id 50 pe 196

E # 197 t 7.409280128223 m 2 ce 187 msg 0
BS id 51 tid 51 c cMessage n job l 100
SH sm 2 sg 1
ES t 7.409280128223
BS id 0 tid 0 c cMessage n sendMessageEvent pe 197
ES t 7.474805282228

E # 198 t 7.409280128223 m 3 ce 197 msg 51
- Starting service of job
BS id 1 tid 1 c cMessage n end-service pe 195
ES t 7.509280128223

E # 199 t 7.474805282228 m 2 ce 197 msg 0
BS id 52 tid 52 c cMessage n job l 100
SH sm 2 sg 1
ES t 7.474805282228
BS id 0 tid 0 c cMessage n sendMessageEvent pe 199
ES t 7.564087386467

E # 200 t 7.474805282228 m 3 ce 199 msg 52

E # 201 t 7.509280128223 m 3 ce 198 msg 1
- Completed service of job
BS id 51 tid 51 c cMessage n job pe 198 l 100
SH sm 3 sg 3
ES t 7.509280128223
- Starting service of job
BS id 1 tid 1 c cMessage n end-service pe 201
ES t 7.609280128223

E # 202 t 7.509280128223 m 4 ce 201 msg 51
- Received job, queueing time: 0.1sec
DM id 51 pe 202

E # 203 t 7.564087386467 m 2 ce 199 msg 0
BS id 53 tid 53 c cMessage n job l 100
SH sm 2 sg 1
ES t 7.564087386467
BS id 0 tid 0 c cMessage n sendMessageEvent pe 203
ES t 7.672337551719

E # 204 t 7.564087386467 m 3 ce 203 msg 53

E # 205 t 7.609280128223 m 3 ce 201 msg 1
- Completed service of job
BS id 52 tid 52 c cMessage n job pe 200 l 100
SH sm 3 sg 3
ES t 7.609280128223
- Starting service of job
BS id 1 tid 1 c cMessage n end-service pe 205
ES t 7.709280128223

E # 206 t 7.609280128223 m 4 ce 205 msg 52
- Received job, queueing time: 0.134474845995sec
DM id 52 pe 206

E # 207 t 7.672337551719 m 2 ce 203 msg 0
BS id 54 tid 54 c cMessage n job l 100
SH sm 2 sg 1
ES t 7.672337551719
BS id 0 tid 0 c cMessage n sendMessageEvent pe 207
ES t 8.060826185215

E # 208 t 7.672337551719 m 3 ce 207 msg 54

E # 209 t 7.709280128223 m 3 ce 205 msg 1
- Completed service of job
BS id 53 tid 53 c cMessage n job pe 204 l 100
SH sm 3 sg 3
ES t 7.709280128223
- Starting service of job
BS id 1 tid 1 c cMessage n end-service pe 209
ES t 7.809280128223

E # 210 t 7.709280128223 m 4 ce 209 msg 53
- Received job, queueing time: 0.145192741756sec
DM id 53 pe 210

E # 211 t 7.809280128223 m 3 ce 209 msg 1
- Completed service of job
BS id 54 tid 54 c cMessage n job pe 208 l 100
SH sm 3 sg 3
ES t 7.809280128223

E # 212 t 7.809280128223 m 4 ce 211 msg 54
- Received job, queueing time: 0.136942576504sec
DM id 54 pe 212

E # 213 t 8.060826185215 m 2 ce 207 msg 0
BS id 55 tid 55 c cMessage n job l 100
SH sm 2 sg 1
ES t 8.060826185215
BS id 0 tid 0 c cMessage n sendMessageEvent pe 213
ES t 8.185038665465

E # 214 t 8.060826185215 m 3 ce 213 msg 55
- Starting service of job
BS id 1 tid 1 c cMessage n end-service pe 211
ES t 8.160826185215

E # 215 t 8.160826185215 m 3 ce 214 msg 1
- Completed service of job
BS id 55 tid 55 c cMessage n job pe 214 l 100
SH sm 3 sg 3
ES t 8.160826185215

E # 216 t 8.160826185215 m 4 ce 215 msg 55
- Received job, queueing time: 0.1sec
DM id 55 pe 216

E # 217 t 8.185038665465 m 2 ce 213 msg 0
BS id 56 tid 56 c cMessage n job l 100
SH sm 2 sg 1
ES t 8.185038665465
BS id 0 tid 0 c cMessage n sendMessageEvent pe 217
ES t 8.196422818174

E # 218 t 8.185038665465 m 3 ce 217 msg 56
- Starting service of job
BS id 1 tid 1 c cMessage n end-service pe 215
ES t 8.285038665465

E # 219 t 8.196422818174 m 2 ce 217 msg 0
BS id 57 tid 57 c cMessage n job l 100
SH sm 2 sg 1
ES t 8.196422818174
BS id 0 tid 0 c cMessage n sendMessageEvent pe 219
ES t 8.251674829935

E # 220 t 8.196422818174 m 3 ce 219 msg 57

E # 221 t 8.251674829935 m 2 ce 219 msg 0
BS id 58 tid 58 c cMessage n job l 100
SH sm 2 sg 1
ES t 8.251674829935
BS id 0 tid 0 c cMessage n sendMessageEvent pe 221
ES t 8.381750488407

E # 222 t 8.251674829935 m 3 ce 221 msg 58

E # 223 t 8.285038665465 m 3 ce 218 msg 1
- Completed service of job
BS id 56 tid 56 c cMessage n job pe 218 l 100
SH sm 3 sg 3
ES t 8.285038665465
- Starting service of job
BS id 1 tid 1 c cMessage n end-service pe 223
ES t 8.385038665465

E # 224 t 8.285038665465 m 4 ce 223 msg 56
- Received job, queueing time: 0.1sec
DM id 56 pe 224

E # 225 t 8.381750488407 m 2 ce 221 msg 0
BS id 59 tid 59 c cMessage n job l 100
SH sm 2 sg 1
ES t 8.381750488407
BS id 0 tid 0 c cMessage n sendMessageEvent pe 225
ES t 8.830788128897

E # 226 t 8.381750488407 m 3 ce 225 msg 59

E # 227 t 8.385038665465 m 3 ce 223 msg 1
- Completed service of job
BS id 57 tid 57 c cMessage n job pe 220 l 100
SH sm 3 sg 3
ES t 8.385038665465
- Starting service of job
BS id 1 tid 1 c cMessage n end-service pe 227
ES t 8.485038665465

E # 228 t 8.385038665465 m 4 ce 227 msg 57
- Received job, queueing time: 0.188615847291sec
DM id 57 pe 228

E # 229 t 8.485038665465 m 3 ce 227 msg 1
- Completed service of job
BS id 58 tid 58 c cMessage n job pe 222 l 100
SH sm 3 sg 3
ES t 8.485038665465
- Starting service of job
BS id 1 tid 1 c cMessage n end-service pe 229
ES t 8.585038665465

E # 230 t 8.485038665465 m 4 ce 229 msg 58
- Received job, queueing time: 0.23336383553sec
DM id 58 pe 230

E # 231 t 8.585038665465 m 3 ce 229 msg 1
- Completed service of job
BS id 59 tid 59 c cMessage n job pe 226 l 100
SH sm 3 sg 3
ES t 8.585038665465

E # 232 t 8.585038665465 m 4 ce 231 msg 59
- Received job, queueing time: 0.203288177058sec
DM id 59 pe 232

E # 233 t 8.830788128897 m 2 ce 225 msg 0
BS id 60 tid 60 c cMessage n job l 100
SH sm 2 sg 1
ES t 8.830788128897
BS id 0 tid 0 c cMessage n sendMessageEvent pe 233
ES t 9.006846466983

E # 234 t 8.830788128897 m 3 ce 233 msg 60
- Starting service of job
BS id 1 tid 1 c cMessage n end-service pe 231
ES t 8.930788128897

E # 235 t 8.930788128897 m 3 ce 234 msg 1
- Completed service of job
BS id 60 tid 60 c cMessage n job pe 234 l 100
SH sm 3 sg 3
ES t 8.930788128897

E # 236 t 8.930788128897 m 4 ce 235 msg 60
- Received job, queueing time: 0.1sec
DM id 60 pe 236

E # 237 t 9.006846466983 m 2 ce 233 msg 0
BS id 61 tid 61 c cMessage n job l 100
SH sm 2 sg 1
ES t 9.006846466983
BS id 0 tid 0 c cMessage n sendMessageEvent pe 237
ES t 9.156324727547

E # 238 t 9.006846466983 m 3 ce 237 msg 61
- Starting service of job
BS id 1 tid 1 c cMessage n end-service pe 235
ES t 9.106846466983

E # 239 t 9.106846466983 m 3 ce 238 msg 1
- Completed service of job
BS id 61 tid 61 c cMessage n job pe 238 l 100
SH sm 3 sg 3
ES t 9.106846466983

E # 240 t 9.106846466983 m 4 ce 239 msg 61
- Received job, queueing time: 0.1sec
DM id 61 pe 240

E # 241 t 9.156324727547 m 2 ce 237 msg 0
BS id 62 tid 62 c cMessage n job l 100
SH sm 2 sg 1
ES t 9.156324727547
BS id 0 tid 0 c cMessage n sendMessageEvent pe 241
ES t 9.422265487284

E # 242 t 9.156324727547 m 3 ce 241 msg 62
- Starting service of job
BS id 1 tid 1 c cMessage n end-service pe 239
ES t 9.256324727547

E # 243 t 9.256324727547 m 3 ce 242 msg 1
- Completed service of job
BS id 62 tid 62 c cMessage n job pe 242 l 100
SH sm 3 sg 3
ES t 9.256324727547

E # 244 t 9.256324727547 m 4 ce 243 msg 62
- Received job, queueing time: 0.1sec
DM id 62 pe 244

E # 245 t 9.422265487284 m 2 ce 241 msg 0
BS id 63 tid 63 c cMessage n job l 100
SH sm 2 sg 1
ES t 9.422265487284
BS id 0 tid 0 c cMessage n sendMessageEvent pe 245
ES t 9.758310167499

E # 246 t 9.422265487284 m 3 ce 245 msg 63
- Starting service of job
BS id 1 tid 1 c cMessage n end-service pe 243
ES t 9.522265487284

E # 247 t 9.522265487284 m 3 ce 246 msg 1
- Completed service of job
BS id 63 tid 63 c cMessage n job pe 246 l 100
SH sm 3 sg 3
ES t 9.522265487284

E # 248 t 9.522265487284 m 4 ce 247 msg 63
- Received job, queueing time: 0.1sec
DM id 63 pe 248

E # 249 t 9.758310167499 m 2 ce 245 msg 0
BS id 64 tid 64 c cMessage n job l 100
SH sm 2 sg 1
ES t 9.758310167499
BS id 0 tid 0 c cMessage n sendMessageEvent pe 249
ES t 9.809486473581

E # 250 t 9.758310167499 m 3 ce 249 msg 64
- Starting service of job
BS id 1 tid 1 c cMessage n end-service pe 247
ES t 9.858310167499

E # 251 t 9.809486473581 m 2 ce 249 msg 0
BS id 65 tid 65 c cMessage n job l 100
SH sm 2 sg 1
ES t 9.809486473581
BS id 0 tid 0 c cMessage n sendMessageEvent pe 251
ES t 9.870542156264

E # 252 t 9.809486473581 m 3 ce 251 msg 65

E # 253 t 9.858310167499 m 3 ce 250 msg 1
- Completed service of job
BS id 64 tid 64 c cMessage n job pe 250 l 100
SH sm 3 sg 3
ES t 9.858310167499
- Starting service of job
BS id 1 tid 1 c cMessage n end-service pe 253
ES t 9.958310167499

E # 254 t 9.858310167499 m 4 ce 253 msg 64
- Received job, queueing time: 0.1sec
DM id 64 pe 254

E # 255 t 9.870542156264 m 2 ce 251 msg 0
BS id 66 tid 66 c cMessage n job l 100
SH sm 2 sg 1
ES t 9.870542156264
BS id 0 tid 0 c cMessage n sendMessageEvent pe 255
ES t 10.0275287242

E # 256 t 9.870542156264 m 3 ce 255 msg 66

E # 257 t 9.958310167499 m 3 ce 253 msg 1
- Completed service of job
BS id 65 tid 65 c cMessage n job pe 252 l 100
SH sm 3 sg 3
ES t 9.958310167499
- Starting service of job
BS id 1 tid 1 c cMessage n end-service pe 257
ES t 10.058310167499

E # 258 t 9.958310167499 m 4 ce 257 msg 65
- Received job, queueing time: 0.148823693918sec
DM id 65 pe 258

E # 259 t 10.0275287242 m 2 ce 255 msg 0
BS id 67 tid 67 c cMessage n job l 100
SH sm 2 sg 1
ES t 10.0275287242
BS id 0 tid 0 c cMessage n sendMessageEvent pe 259
ES t 10.333515157017

E # 260 t 10.0275287242 m 3 ce 259 msg 67

E # 261 t 10.058310167499 m 3 ce 257 msg 1
- Completed service of job
BS id 66 tid 66 c cMessage n job pe 256 l 100
SH sm 3 sg 3
ES t 10.058310167499
- Starting service of job
BS id 1 tid 1 c cMessage n end-service pe 261
ES t 10.158310167499

E # 262 t 10.058310167499 m 4 ce 261 msg 66
- Received job, queueing time: 0.187768011235sec
DM id 66 pe 262

E # 263 t 10.158310167499 m 3 ce 261 msg 1
- Completed service of job
BS id 67 tid 67 c cMessage n job pe 260 l 100
SH sm 3 sg 3
ES t 10.158310167499

E # 264 t 10.158310167499 m 4 ce 263 msg 67
- Received job, queueing time: 0.130781443299sec
DM id 67 pe 264

E # 265 t 10.333515157017 m 2 ce 259 msg 0
BS id 68 tid 68 c cMessage n job l 100
SH sm 2 sg 1
ES t 10.333515157017
BS id 0 tid 0 c cMessage n sendMessageEvent pe 265
ES t 10.446489188701

E # 266 t 10.333515157017 m 3 ce 265 msg 68
- Starting service of job
BS id 1 tid 1 c cMessage n end-service pe 263
ES t 10.433515157017

E # 267 t 10.433515157017 m 3 ce 266 msg 1
- Completed service of job
BS id 68 tid 68 c cMessage n job pe 266 l 100
SH sm 3 sg 3
ES t 10.433515157017

E # 268 t 10.433515157017 m 4 ce 267 msg 68
- Received job, queueing time: 0.1sec
DM id 68 pe 268

E # 269 t 10.446489188701 m 2 ce 265 msg 0
BS id 69 tid 69 c cMessage n job l 100
SH sm 2 sg 1
ES t 10.446489188701
BS id 0 tid 0 c cMessage n sendMessageEvent pe 269
ES t 10.846662330053

E # 270 t 10.446489188701 m 3 ce 269 msg 69
- Starting service of job
BS id 1 tid 1 c cMessage n end-service pe 267
ES t 10.546489188701

E # 271 t 10.546489188701 m 3 ce 270 msg 1
- Completed service of job
BS id 69 tid 69 c cMessage n job pe 270 l 100
SH sm 3 sg 3
ES t 10.546489188701

E # 272 t 10.546489188701 m 4 ce 271 msg 69
- Received job, queueing time: 0.1sec
DM id 69 pe 272

E # 273 t 10.846662330053 m 2 ce 269 msg 0
BS id 70 tid 70 c cMessage n job l 100
SH sm 2 sg 1
ES t 10.846662330053
BS id 0 tid 0 c cMessage n sendMessageEvent pe 273
ES t 11.641550573028

E # 274 t 10.846662330053 m 3 ce 273 msg 70
- Starting service of job
BS id 1 tid 1 c cMessage n end-service pe 271
ES t 10.946662330053

E # 275 t 10.946662330053 m 3 ce 274 msg 1
- Completed service of job
BS id 70 tid 70 c cMessage n job pe 274 l 100
SH sm 3 sg 3
ES t 10.946662330053

E # 276 t 10.946662330053 m 4 ce 275 msg 70
- Received job, queueing time: 0.1sec
DM id 70 pe 276

E # 277 t 11.641550573028 m 2 ce 273 msg 0
BS id 71 tid 71 c cMessage n job l 100
SH sm 2 sg 1
ES t 11.641550573028
BS id 0 tid 0 c cMessage n sendMessageEvent pe 277
ES t 11.866865905018

E # 278 t 11.641550573028 m 3 ce 277 msg 71
- Starting service of job
BS id 1 tid 1 c cMessage n end-service pe 275
ES t 11.741550573028

E # 279 t 11.741550573028 m 3 ce 278 msg 1
- Completed service of job
BS id 71 tid 71 c cMessage n job pe 278 l 100
SH sm 3 sg 3
ES t 11.741550573028

E # 280 t 11.741550573028 m 4 ce 279 msg 71
- Received job, queueing time: 0.1sec
DM id 71 pe 280

E # 281 t 11.866865905018 m 2 ce 277 msg 0
BS id 72 tid 72 c cMessage n job l 100
SH sm 2 sg 1
ES t 11.866865905018
BS id 0 tid 0 c cMessage n sendMessageEvent pe 281
ES t 11.963237265013

E # 282 t 11.866865905018 m 3 ce 281 msg 72
- Starting service of job
BS id 1 tid 1 c cMessage n end-service pe 279
ES t 11.966865905018

E # 283 t 11.963237265013 m 2 ce 281 msg 0
BS id 73 tid 73 c cMessage n job l 100
SH sm 2 sg 1
ES t 11.963237265013
BS id 0 tid 0 c cMessage n sendMessageEvent pe 283
ES t 12.343095247458

E # 284 t 11.963237265013 m 3 ce 283 msg 73

E # 285 t 11.966865905018 m 3 ce 282 msg 1
- Completed service of job
BS id 72 tid 72 c cMessage n job pe 282 l 100
SH sm 3 sg 3
ES t 11.966865905018
- Starting service of job
BS id 1 tid 1 c cMessage n end-service pe 285
ES t 12.066865905018

E # 286 t 11.966865905018 m 4 ce 285 msg 72
- Received job, queueing time: 0.1sec
DM id 72 pe 286

E # 287 t 12.066865905018 m 3 ce 285 msg 1
- Completed service of job
BS id 73 tid 73 c cMessage n job pe 284 l 100
SH sm 3 sg 3
ES t 12.066865905018

E # 288 t 12.066865905018 m 4 ce 287 msg 73
- Received job, queueing time: 0.103628640005sec
DM id 73 pe 288

E # 289 t 12.343095247458 m 2 ce 283 msg 0
BS id 74 tid 74 c cMessage n job l 100
SH sm 2 sg 1
ES t 12.343095247458
BS id 0 tid 0 c cMessage n sendMessageEvent pe 289
ES t 12.441268567347

E # 290 t 12.343095247458 m 3 ce 289 msg 74
- Starting service of job
BS id 1 tid 1 c cMessage n end-service pe 287
ES t 12.443095247458

E # 291 t 12.441268567347 m 2 ce 289 msg 0
BS id 75 tid 75 c cMessage n job l 100
SH sm 2 sg 1
ES t 12.441268567347
BS id 0 tid 0 c cMessage n sendMessageEvent pe 291
ES t 12.741994819642

E # 292 t 12.441268567347 m 3 ce 291 msg 75

E # 293 t 12.443095247458 m 3 ce 290 msg 1
- Completed service of job
BS id 74 tid 74 c cMessage n job pe 290 l 100
SH sm 3 sg 3
ES t 12.443095247458
- Starting service of job
BS id 1 tid 1 c cMessage n end-service pe 293
ES t 12.543095247458

E # 294 t 12.443095247458 m 4 ce 293 msg 74
- Received job, queueing time: 0.1sec
DM id 74 pe 294

E # 295 t 12.543095247458 m 3 ce 293 msg 1
- Completed service of job
BS id 75 tid 75 c cMessage n job pe 292 l 100
SH sm 3 sg 3
ES t 12.543095247458

E # 296 t 12.543095247458 m 4 ce 295 msg 75
- Received job, queueing time: 0.101826680111sec
DM id 75 pe 296

E # 297 t 12.741994819642 m 2 ce 291 msg 0
BS id 76 tid 76 c cMessage n job l 100
SH sm 2 sg 1
ES t 12.741994819642
BS id 0 tid 0 c cMessage n sendMessageEvent pe 297
ES t 12.838593466079

E # 298 t 12.741994819642 m 3 ce 297 msg 76
- Starting service of job
BS id 1 tid 1 c cMessage n end-service pe 295
ES t 12.841994819642

E # 299 t 12.838593466079 m 2 ce 297 msg 0
BS id 77 tid 77 c cMessage n job l 100
SH sm 2 sg 1
ES t 12.838593466079
BS id 0 tid 0 c cMessage n sendMessageEvent pe 299
ES t 13.028723851816

E # 300 t 12.838593466079 m 3 ce 299 msg 77

E # 301 t 12.841994819642 m 3 ce 298 msg 1
- Completed service of job
BS id 76 tid 76 c cMessage n job pe 298 l 100
SH sm 3 sg 3
ES t 12.841994819642
- Starting service of job
BS id 1 tid 1 c cMessage n end-service pe 301
ES t 12.941994819642

E # 302 t 12.841994819642 m 4 ce 301 msg 76
- Received job, queueing time: 0.1sec
DM id 76 pe 302

E # 303 t 12.941994819642 m 3 ce 301 msg 1
- Completed service of job
BS id 77 tid 77 c cMessage n job pe 300 l 100
SH sm 3 sg 3
ES t 12.941994819642

E # 304 t 12.941994819642 m 4 ce 303 msg 77
- Received job, queueing time: 0.103401353563sec
DM id 77 pe 304

E # 305 t 13.028723851816 m 2 ce 299 msg 0
BS id 78 tid 78 c cMessage n job l 100
SH sm 2 sg 1
ES t 13.028723851816
BS id 0 tid 0 c cMessage n sendMessageEvent pe 305
ES t 13.040303055387

E # 306 t 13.028723851816 m 3 ce 305 msg 78
- Starting service of job
BS id 1 tid 1 c cMessage n end-service pe 303
ES t 13.128723851816

E # 307 t 13.040303055387 m 2 ce 305 msg 0
BS id 79 tid 79 c cMessage n job l 100
SH sm 2 sg 1
ES t 13.040303055387
BS id 0 tid 0 c cMessage n sendMessageEvent pe 307
ES t 13.060798552419

E # 308 t 13.040303055387 m 3 ce 307 msg 79

E # 309 t 13.060798552419 m 2 ce 307 msg 0
BS id 80 tid 80 c cMessage n job l 100
SH sm 2 sg 1
ES t 13.060798552419
BS id 0 tid 0 c cMessage n sendMessageEvent pe 309
ES t 13.137396382169

E # 310 t 13.060798552419 m 3 ce 309 msg 80

E # 311 t 13.128723851816 m 3 ce 306 msg 1
- Completed service of job
BS id 78 tid 78 c cMessage n job pe 306 l 100
SH sm 3 sg 3
ES t 13.128723851816
- Starting service of job
BS id 1 tid 1 c cMessage n end-service pe 311
ES t 13.228723851816

E # 312 t 13.128723851816 m 4 ce 311 msg 78
- Received job, queueing time: 0.1sec
DM id 78 pe 312

E # 313 t 13.137396382169 m 2 ce 309 msg 0
BS id 81 tid 81 c cMessage n job l 100
SH sm 2 sg 1
ES t 13.137396382169
BS id 0 tid 0 c cMessage n sendMessageEvent pe 313
ES t 13.297120149509

E # 314 t 13.137396382169 m 3 ce 313 msg 81

E # 315 t 13.228723851816 m 3 ce 311 msg 1
- Completed service of job
BS id 79 tid 79 c cMessage n job pe 308 l 100
SH sm 3 sg 3
ES t 13.228723851816
- Starting service of job
BS id 1 tid 1 c cMessage n end-service pe 315
ES t 13.328723851816

E # 316 t 13.228723851816 m 4 ce 315 msg 79
- Received job, queueing time: 0.188420796429sec
DM id 79 pe 316

E # 317 t 13.297120149509 m 2 ce 313 msg 0
BS id 82 tid 82 c cMessage n job l 100
SH sm 2 sg 1
ES t 13.297120149509
BS id 0 tid 0 c cMessage n sendMessageEvent pe 317
ES t 13.501723973782

E # 318 t 13.297120149509 m 3 ce 317 msg 82

E # 319 t 13.328723851816 m 3 ce 315 msg 1
- Completed service of job
BS id 80 tid 80 c cMessage n job pe 310 l 100
SH sm 3 sg 3
ES t 13.328723851816
- Starting service of job
BS id 1 tid 1 c cMessage n end-service pe 319
ES t 13.428723851816

E # 320 t 13.328723851816 m 4 ce 319 msg 80
- Received job, queueing time: 0.267925299397sec
DM id 80 pe 320

E # 321 t 13.428723851816 m 3 ce 319 msg 1
- Completed service of job
BS id 81 tid 81 c cMessage n job pe 314 l 100
SH sm 3 sg 3
ES t 13.428723851816
- Starting service of job
BS id 1 tid 1 c cMessage n end-service pe 321
ES t 13.528723851816

E # 322 t 13.428723851816 m 4 ce 321 msg 81
- Received job, queueing time: 0.291327469647sec
DM id 81 pe 322

E # 323 t 13.501723973782 m 2 ce 317 msg 0
BS id 83 tid 83 c cMessage n job l 100
SH sm 2 sg 1
ES t 13.501723973782
BS id 0 tid 0 c cMessage n sendMessageEvent pe 323
ES t 13.599581338129

E # 324 t 13.501723973782 m 3 ce 323 msg 83

E # 325 t 13.528723851816 m 3 ce 321 msg 1
- Completed service of job
BS id 82 tid 82 c cMessage n job pe 318 l 100
SH sm 3 sg 3
ES t 13.528723851816
- Starting service of job
BS id 1 tid 1 c cMessage n end-service pe 325
ES t 13.628723851816

E # 326 t 13.528723851816 m 4 ce 325 msg 82
- Received job, queueing time: 0.231603702307sec
DM id 82 pe 326

E # 327 t 13.599581338129 m 2 ce 323 msg 0
BS id 84 tid 84 c cMessage n job l 100
SH sm 2 sg 1
ES t 13.599581338129
BS id 0 tid 0 c cMessage n sendMessageEvent pe 327
ES t 13.765131131795

E # 328 t 13.599581338129 m 3 ce 327 msg 84

E # 329 t 13.628723851816 m 3 ce 325 msg 1
- Completed service of job
BS id 83 tid 83 c cMessage n job pe 324 l 100
SH sm 3 sg 3
ES t 13.628723851816
- Starting service of job
BS id 1 tid 1 c cMessage n end-service pe 329
ES t 13.728723851816

E # 330 t 13.628723851816 m 4 ce 329 msg 83
- Received job, queueing time: 0.126999878034sec
DM id 83 pe 330

E # 331 t 13.728723851816 m 3 ce 329 msg 1
- Completed service of job
BS id 84 tid 84 c cMessage n job pe 328 l 100
SH sm 3 sg 3
ES t 13.728723851816

E # 332 t 13.728723851816 m 4 ce 331 msg 84
- Received job, queueing time: 0.129142513687sec
DM id 84 pe 332

E # 333 t 13.765131131795 m 2 ce 327 msg 0
BS id 85 tid 85 c cMessage n job l 100
SH sm 2 sg 1
ES t 13.765131131795
BS id 0 tid 0 c cMessage n sendMessageEvent pe 333
ES t 13.78568200844

E # 334 t 13.765131131795 m 3 ce 333 msg 85
- Starting service of job
BS id 1 tid 1 c cMessage n end-service pe 331
ES t 13.865131131795

E # 335 t 13.78568200844 m 2 ce 333 msg 0
BS id 86 tid 86 c cMessage n job l 100
SH sm 2 sg 1
ES t 13.78568200844
BS id 0 tid 0 c cMessage n sendMessageEvent pe 335
ES t 13.857694946276

E # 336 t 13.78568200844 m 3 ce 335 msg 86

E # 337 t 13.857694946276 m 2 ce 335 msg 0
BS id 87 tid 87 c cMessage n job l 100
SH sm 2 sg 1
ES t 13.857694946276
BS id 0 tid 0 c cMessage n sendMessageEvent pe 337
ES t 14.319656465715

E # 338 t 13.857694946276 m 3 ce 337 msg 87

E # 339 t 13.865131131795 m 3 ce 334 msg 1
- Completed service of job
BS id 85 tid 85 c cMessage n job pe 334 l 100
SH sm 3 sg 3
ES t 13.865131131795
- Starting service of job
BS id 1 tid 1 c cMessage n end-service pe 339
ES t 13.965131131795

E # 340 t 13.865131131795 m 4 ce 339 msg 85
- Received job, queueing time: 0.1sec
DM id 85 pe 340

E # 341 t 13.965131131795 m 3 ce 339 msg 1
- Completed service of job
BS id 86 tid 86 c cMessage n job pe 336 l 100
SH sm 3 sg 3
ES t 13.965131131795
- Starting service of job
BS id 1 tid 1 c cMessage n end-service pe 341
ES t 14.065131131795

E # 342 t 13.965131131795 m 4 ce 341 msg 86
- Received job, queueing time: 0.179449123355sec
DM id 86 pe 342

E # 343 t 14.065131131795 m 3 ce 341 msg 1
- Completed service of job
BS id 87 tid 87 c cMessage n job pe 338 l 100
SH sm 3 sg 3
ES t 14.065131131795

E # 344 t 14.065131131795 m 4 ce 343 msg 87
- Received job, queueing time: 0.207436185519sec
DM id 87 pe 344

E # 345 t 14.319656465715 m 2 ce 337 msg 0
BS id 88 tid 88 c cMessage n job l 100
SH sm 2 sg 1
ES t 14.319656465715
BS id 0 tid 0 c cMessage n sendMessageEvent pe 345
ES t 14.881588462629

E # 346 t 14.319656465715 m 3 ce 345 msg 88
- Starting service of job
BS id 1 tid 1 c cMessage n end-service pe 343
ES t 14.419656465715

E # 347 t 14.419656465715 m 3 ce 346 msg 1
- Completed service of job
BS id 88 tid 88 c cMessage n job pe 346 l 100
SH sm 3 sg 3
ES t 14.419656465715

E # 348 t 14.419656465715 m 4 ce 347 msg 88
- Received job, queueing time: 0.1sec
DM id 88 pe 348

E # 349 t 14.881588462629 m 2 ce 345 msg 0
BS id 89 tid 89 c cMessage n job l 100
SH sm 2 sg 1
ES t 14.881588462629
BS id 0 tid 0 c cMessage n sendMessageEvent pe 349
ES t 14.887719675299
- Total jobs processed: 87
- Avg queueing time:    0.169818
- Max queueing time:    0.40128
- Standard deviation:   0.0831395
SE
